<?xml version="1.0" encoding="UTF-8"?>
<!-- Generated by org.testng.reporters.JUnitReportReporter -->
<testsuite hostname="Shobhnas-MacBook-Pro.local" failures="0" tests="1" name="qaAndroid.theScoreAutomation.LeagueTest" time="141.410" errors="0" timestamp="2021-07-07T13:21:32 EDT" skipped="0">
  <testcase classname="qaAndroid.theScoreAutomation.LeagueTest" name="amenityValidation" time="141.410"/>
  <system-out/>
</testsuite> <!-- qaAndroid.theScoreAutomation.LeagueTest -->
