<?xml version="1.0" encoding="UTF-8"?>
<!-- Generated by org.testng.reporters.JUnitReportReporter -->
<testsuite skipped="0" hostname="Shobhnas-MacBook-Pro.local" name="qaAndroid.theScoreAutomation.LeagueTest" tests="1" failures="0" timestamp="08 Jul 2021 02:07:27 GMT" time="129.308" errors="0">
  <testcase name="amenityValidation" time="129.308" classname="qaAndroid.theScoreAutomation.LeagueTest"/>
</testsuite> <!-- qaAndroid.theScoreAutomation.LeagueTest -->
